<?xml version="1.0" encoding="UTF-8"?>
<!-- Generated by org.testng.reporters.JUnitXMLReporter -->
<testsuite ignored="2" hostname="TDhande" failures="0" tests="2" name="Test" time="5.361" errors="0" timestamp="2025-05-27T13:36:33 IST">
  <testcase classname="com.orange.hrm.test.LoginTest" name="loginWithValidUserAndPassword" time="2.729"/>
  <testcase classname="com.orange.hrm.test.HomePageTest" name="logout" time="2.596"/>
  <testcase classname="com.orange.hrm.test.BaseTest" name="@BeforeSuite initDriver" time="0.0">
    <ignored/>
  </testcase> <!-- @BeforeSuite initDriver -->
  <testcase classname="com.orange.hrm.test.BaseTest" name="@BeforeSuite beforeSuite" time="0.0">
    <ignored/>
  </testcase> <!-- @BeforeSuite beforeSuite -->
</testsuite> <!-- Test -->
