<?xml version="1.0" encoding="UTF-8"?>
<!-- Generated by org.testng.reporters.JUnitXMLReporter -->
<testsuite ignored="0" hostname="TDhande" failures="0" tests="3" name="Test" time="10.563" errors="0" timestamp="2025-05-21T12:25:26 IST">
  <testcase classname="pom.test.OrangehrmTest" name="loginToApplication" time="6.428"/>
  <testcase classname="pom.test.OrangehrmTest" name="testAdmin" time="3.053"/>
  <testcase classname="pom.test.OrangehrmTest" name="logout" time="1.035"/>
</testsuite> <!-- Test -->
