<?xml version="1.0" encoding="UTF-8"?>
<testng-results ignored="0" total="3" passed="3" failed="0" skipped="0">
  <reporter-output>
  </reporter-output>
  <suite started-at="2025-05-21T12:25:16 IST" name="Suite" finished-at="2025-05-21T12:25:26 IST" duration-ms="10563">
    <groups>
    </groups>
    <test started-at="2025-05-21T12:25:16 IST" name="Test" finished-at="2025-05-21T12:25:26 IST" duration-ms="10563">
      <class name="pom.test.OrangehrmTest">
        <test-method signature="loginToApplication()[pri:1, instance:pom.test.OrangehrmTest@5876a9af]" started-at="2025-05-21T12:25:16 IST" name="loginToApplication" finished-at="2025-05-21T12:25:22 IST" duration-ms="6428" status="PASS">
          <reporter-output>
          </reporter-output>
        </test-method> <!-- loginToApplication -->
        <test-method signature="testAdmin()[pri:2, instance:pom.test.OrangehrmTest@5876a9af]" started-at="2025-05-21T12:25:22 IST" name="testAdmin" finished-at="2025-05-21T12:25:25 IST" duration-ms="3053" status="PASS">
          <reporter-output>
          </reporter-output>
        </test-method> <!-- testAdmin -->
        <test-method signature="logout()[pri:3, instance:pom.test.OrangehrmTest@5876a9af]" started-at="2025-05-21T12:25:25 IST" name="logout" finished-at="2025-05-21T12:25:26 IST" duration-ms="1035" status="PASS">
          <reporter-output>
          </reporter-output>
        </test-method> <!-- logout -->
      </class> <!-- pom.test.OrangehrmTest -->
    </test> <!-- Test -->
  </suite> <!-- Suite -->
</testng-results>
