<?xml version="1.0" encoding="UTF-8"?>
<testng-results ignored="0" total="2" passed="2" failed="0" skipped="0">
  <reporter-output>
  </reporter-output>
  <suite started-at="2025-05-27T13:36:27 IST" name="Suite" finished-at="2025-05-27T13:36:33 IST" duration-ms="5361">
    <groups>
    </groups>
    <test started-at="2025-05-27T13:36:27 IST" name="Test" finished-at="2025-05-27T13:36:33 IST" duration-ms="5361">
      <class name="com.orange.hrm.test.LoginTest">
        <test-method is-config="true" signature="beforeSuite()[pri:0, instance:com.orange.hrm.test.LoginTest@49438269]" started-at="2025-05-27T13:36:22 IST" name="beforeSuite" finished-at="2025-05-27T13:36:23 IST" duration-ms="298" status="PASS">
          <reporter-output>
          </reporter-output>
        </test-method> <!-- beforeSuite -->
        <test-method is-config="true" signature="initDriver()[pri:0, instance:com.orange.hrm.test.LoginTest@49438269]" started-at="2025-05-27T13:36:23 IST" name="initDriver" finished-at="2025-05-27T13:36:27 IST" duration-ms="4870" status="PASS">
          <reporter-output>
          </reporter-output>
        </test-method> <!-- initDriver -->
        <test-method signature="loginWithValidUserAndPassword()[pri:0, instance:com.orange.hrm.test.LoginTest@49438269]" started-at="2025-05-27T13:36:27 IST" name="loginWithValidUserAndPassword" finished-at="2025-05-27T13:36:30 IST" duration-ms="2729" status="PASS">
          <reporter-output>
          </reporter-output>
        </test-method> <!-- loginWithValidUserAndPassword -->
      </class> <!-- com.orange.hrm.test.LoginTest -->
      <class name="com.orange.hrm.test.HomePageTest">
        <test-method signature="logout()[pri:0, instance:com.orange.hrm.test.HomePageTest@5dda768f]" started-at="2025-05-27T13:36:30 IST" name="logout" finished-at="2025-05-27T13:36:33 IST" duration-ms="2596" status="PASS">
          <reporter-output>
          </reporter-output>
        </test-method> <!-- logout -->
      </class> <!-- com.orange.hrm.test.HomePageTest -->
    </test> <!-- Test -->
  </suite> <!-- Suite -->
</testng-results>
